<?xml version="1.0" encoding="UTF-8"?>
<!-- Generated by org.testng.reporters.JUnitReportReporter -->
<testsuite hostname="DESKTOP-FODCQ2C" failures="0" tests="1" name="com.crm.createCampaigns.CreateCampaignTest" time="28.632" errors="0" timestamp="2023-02-07T21:39:35 IST" skipped="0">
  <testcase classname="com.crm.createCampaigns.CreateCampaignTest" name="createCampaignTest" time="28.632"/>
  <system-out>
Campaign is created Campaign is edited Campaign is deleted  </system-out>
</testsuite> <!-- com.crm.createCampaigns.CreateCampaignTest -->
